<?xml version="1.0" encoding="UTF-8"?>
<!-- Generated by org.testng.reporters.JUnitReportReporter -->
<testsuite hostname="bhavinthumar" failures="0" tests="4" name="com.Blink.Retailer_Registraion.MainPage.Retailer_Registration_Complete_MainPage" time="94.447" errors="0" timestamp="2022-08-04T13:38:46 IST" skipped="0">
  <testcase classname="com.Blink.Retailer_Registraion.MainPage.Retailer_Registration_Complete_MainPage" name="firstpage" time="28.433"/>
  <system-out/>
  <testcase classname="com.Blink.Retailer_Registraion.MainPage.Retailer_Registration_Complete_MainPage" name="secondpage" time="18.451"/>
  <system-out/>
  <testcase classname="com.Blink.Retailer_Registraion.MainPage.Retailer_Registration_Complete_MainPage" name="thirdpage" time="14.731"/>
  <system-out/>
  <testcase classname="com.Blink.Retailer_Registraion.MainPage.Retailer_Registration_Complete_MainPage" name="forthpage" time="32.832"/>
  <system-out/>
</testsuite> <!-- com.Blink.Retailer_Registraion.MainPage.Retailer_Registration_Complete_MainPage -->
