<?xml version="1.0" encoding="UTF-8"?>
<!-- Generated by org.testng.reporters.JUnitReportReporter -->
<testsuite hostname="DESKTOP-O9OR2BF" failures="0" tests="4" name="com.Blink.MainPage.Retailer_Registration_Complete_MainPage" time="68.870" errors="0" timestamp="2023-02-17T21:48:25 IST" skipped="0">
  <testcase classname="com.Blink.MainPage.Retailer_Registration_Complete_MainPage" name="firstpage" time="32.769"/>
  <system-out/>
  <testcase classname="com.Blink.MainPage.Retailer_Registration_Complete_MainPage" name="secondpage" time="12.684"/>
  <system-out/>
  <testcase classname="com.Blink.MainPage.Retailer_Registration_Complete_MainPage" name="thirdpage" time="7.453"/>
  <system-out/>
  <testcase classname="com.Blink.MainPage.Retailer_Registration_Complete_MainPage" name="forthpage" time="15.964"/>
  <system-out/>
</testsuite> <!-- com.Blink.MainPage.Retailer_Registration_Complete_MainPage -->
