<?xml version="1.0" encoding="UTF-8"?>
<!-- Generated by org.testng.reporters.JUnitReportReporter -->
<testsuite hostname="bhavinthumar" failures="0" tests="5" name="com.Blink.Consultant_Registration.MainPage.Consultant_Registration_MainPage" time="21.317" errors="0" timestamp="2022-07-20T16:21:55 IST" skipped="0">
  <testcase classname="com.Blink.Consultant_Registration.MainPage.Consultant_Registration_MainPage" name="Consultant_Registration_Page" time="0.315"/>
  <system-out/>
  <testcase classname="com.Blink.Consultant_Registration.MainPage.Consultant_Registration_MainPage" name="Consultant_Registration_Page" time="0.305"/>
  <system-out/>
  <testcase classname="com.Blink.Consultant_Registration.MainPage.Consultant_Registration_MainPage" name="Consultant_Registration_Page" time="0.482"/>
  <system-out/>
  <testcase classname="com.Blink.Consultant_Registration.MainPage.Consultant_Registration_MainPage" name="AllValidation_Page" time="9.662"/>
  <system-out/>
  <testcase classname="com.Blink.Consultant_Registration.MainPage.Consultant_Registration_MainPage" name="Rest_Validation_Page" time="10.553"/>
  <system-out/>
</testsuite> <!-- com.Blink.Consultant_Registration.MainPage.Consultant_Registration_MainPage -->
