<?xml version="1.0" encoding="UTF-8"?>
<!-- Generated by org.testng.reporters.JUnitReportReporter -->
<testsuite hostname="DESKTOP-O9OR2BF" failures="0" tests="4" name="com.Blink.MainPage.Login_MainPage" time="17.660" errors="0" timestamp="2023-02-16T21:13:42 IST" skipped="0">
  <testcase classname="com.Blink.MainPage.Login_MainPage" name="loginPage1" time="3.555"/>
  <system-out/>
  <testcase classname="com.Blink.MainPage.Login_MainPage" name="loginPage2" time="2.937"/>
  <system-out/>
  <testcase classname="com.Blink.MainPage.Login_MainPage" name="loginPage3" time="2.347"/>
  <system-out/>
  <testcase classname="com.Blink.MainPage.Login_MainPage" name="loginPage4" time="8.821"/>
  <system-out/>
</testsuite> <!-- com.Blink.MainPage.Login_MainPage -->
