<?xml version="1.0" encoding="UTF-8"?>
<!-- Generated by org.testng.reporters.JUnitReportReporter -->
<testsuite hostname="bhavinthumar" failures="0" tests="4" name="com.Blink.Retailer_Registraion.MainPage.Login_MainPage" time="38.905" errors="0" timestamp="2022-07-21T17:43:14 IST" skipped="0">
  <testcase classname="com.Blink.Retailer_Registraion.MainPage.Login_MainPage" name="loginPage1" time="9.252"/>
  <system-out/>
  <testcase classname="com.Blink.Retailer_Registraion.MainPage.Login_MainPage" name="loginPage2" time="5.474"/>
  <system-out/>
  <testcase classname="com.Blink.Retailer_Registraion.MainPage.Login_MainPage" name="loginPage3" time="5.510"/>
  <system-out/>
  <testcase classname="com.Blink.Retailer_Registraion.MainPage.Login_MainPage" name="loginPage4" time="18.669"/>
  <system-out/>
</testsuite> <!-- com.Blink.Retailer_Registraion.MainPage.Login_MainPage -->
