<?xml version="1.0" encoding="UTF-8"?>
<!-- Generated by org.testng.reporters.JUnitReportReporter -->
<testsuite hostname="bhavinthumar" failures="0" tests="4" name="com.Blink.page.MainLoginPage" time="39.060" errors="0" timestamp="2022-06-16T17:16:04 IST" skipped="0">
  <testcase classname="com.Blink.page.MainLoginPage" name="loginPage1" time="8.301"/>
  <system-out/>
  <testcase classname="com.Blink.page.MainLoginPage" name="loginPage2" time="5.529"/>
  <system-out/>
  <testcase classname="com.Blink.page.MainLoginPage" name="loginPage3" time="5.540"/>
  <system-out/>
  <testcase classname="com.Blink.page.MainLoginPage" name="loginPage4" time="19.690"/>
  <system-out/>
</testsuite> <!-- com.Blink.page.MainLoginPage -->
