<?xml version="1.0" encoding="UTF-8"?>
<!-- Generated by org.testng.reporters.JUnitReportReporter -->
<testsuite hostname="bhavinthumar" failures="0" tests="9" name="com.Blink.MainPage.Retailer_Registration_MainPage" time="201.131" errors="0" timestamp="2022-07-19T11:02:15 IST" skipped="0">
  <testcase classname="com.Blink.MainPage.Retailer_Registration_MainPage" name="AllValidation_Page1" time="13.898"/>
  <system-out/>
  <testcase classname="com.Blink.MainPage.Retailer_Registration_MainPage" name="Rest_Validation_Page1" time="37.623"/>
  <system-out/>
  <testcase classname="com.Blink.MainPage.Retailer_Registration_MainPage" name="firstPage" time="21.708"/>
  <system-out/>
  <testcase classname="com.Blink.MainPage.Retailer_Registration_MainPage" name="secondPage" time="17.830"/>
  <system-out/>
  <testcase classname="com.Blink.MainPage.Retailer_Registration_MainPage" name="AllValidation_Page3" time="17.920"/>
  <system-out/>
  <testcase classname="com.Blink.MainPage.Retailer_Registration_MainPage" name="Rest_Validation_Page3" time="24.812"/>
  <system-out/>
  <testcase classname="com.Blink.MainPage.Retailer_Registration_MainPage" name="thirdPage" time="14.197"/>
  <system-out/>
  <testcase classname="com.Blink.MainPage.Retailer_Registration_MainPage" name="AllValidation_Page4" time="20.462"/>
  <system-out/>
  <testcase classname="com.Blink.MainPage.Retailer_Registration_MainPage" name="forthPage" time="32.681"/>
  <system-out/>
</testsuite> <!-- com.Blink.MainPage.Retailer_Registration_MainPage -->
